CRITICAL - 2021-11-26 22:45:15 --> syntax error, unexpected '}', expecting ';' or ','
#0 C:\wamp64\www\plantandosemillas\system\Autoloader\Autoloader.php(241): CodeIgniter\Autoloader\Autoloader->includeFile('C:\\wamp64\\www\\p...')
#1 C:\wamp64\www\plantandosemillas\system\Autoloader\Autoloader.php(219): CodeIgniter\Autoloader\Autoloader->loadInNamespace('Config\\Validati...')
#2 [internal function]: CodeIgniter\Autoloader\Autoloader->loadClass('Config\\Validati...')
#3 [internal function]: spl_autoload_call('Config\\Validati...')
#4 C:\wamp64\www\plantandosemillas\system\Config\Factories.php(136): class_exists('Config\\Validati...')
#5 C:\wamp64\www\plantandosemillas\system\Config\Factories.php(106): CodeIgniter\Config\Factories::locateClass(Array, 'Validation')
#6 C:\wamp64\www\plantandosemillas\system\Common.php(198): CodeIgniter\Config\Factories::__callStatic('config', Array)
#7 C:\wamp64\www\plantandosemillas\system\Config\Services.php(656): config('Validation')
#8 C:\wamp64\www\plantandosemillas\system\Config\BaseService.php(248): CodeIgniter\Config\Services::validation(NULL, false)
#9 C:\wamp64\www\plantandosemillas\system\Config\BaseService.php(189): CodeIgniter\Config\BaseService::__callStatic('validation', Array)
#10 C:\wamp64\www\plantandosemillas\system\Config\Services.php(653): CodeIgniter\Config\BaseService::getSharedInstance('validation', NULL)
#11 C:\wamp64\www\plantandosemillas\system\Config\BaseService.php(248): CodeIgniter\Config\Services::validation()
#12 C:\wamp64\www\plantandosemillas\system\Controller.php(139): CodeIgniter\Config\BaseService::__callStatic('validation', Array)
#13 C:\wamp64\www\plantandosemillas\app\Controllers\Contact.php(22): CodeIgniter\Controller->validate('contact')
#14 C:\wamp64\www\plantandosemillas\system\CodeIgniter.php(824): App\Controllers\Contact->index()
#15 C:\wamp64\www\plantandosemillas\system\CodeIgniter.php(410): CodeIgniter\CodeIgniter->runController(Object(App\Controllers\Contact))
#16 C:\wamp64\www\plantandosemillas\system\CodeIgniter.php(318): CodeIgniter\CodeIgniter->handleRequest(NULL, Object(Config\Cache), false)
#17 C:\wamp64\www\plantandosemillas\public\index.php(37): CodeIgniter\CodeIgniter->run()
#18 C:\wamp64\www\plantandosemillas\system\Commands\Server\rewrite.php(43): require_once('C:\\wamp64\\www\\p...')
#19 {main}
