CRITICAL - 2021-11-10 18:57:22 --> Invalid file: header.php
#0 C:\wamp64\www\plantandosemillas\system\View\View.php(198): CodeIgniter\Exceptions\FrameworkException::forInvalidFile('header.php')
#1 C:\wamp64\www\plantandosemillas\system\Common.php(1097): CodeIgniter\View\View->render('header', Array, true)
#2 C:\wamp64\www\plantandosemillas\app\Controllers\Home.php(9): view('header')
#3 C:\wamp64\www\plantandosemillas\system\CodeIgniter.php(824): App\Controllers\Home->index()
#4 C:\wamp64\www\plantandosemillas\system\CodeIgniter.php(410): CodeIgniter\CodeIgniter->runController(Object(App\Controllers\Home))
#5 C:\wamp64\www\plantandosemillas\system\CodeIgniter.php(318): CodeIgniter\CodeIgniter->handleRequest(NULL, Object(Config\Cache), false)
#6 C:\wamp64\www\plantandosemillas\public\index.php(37): CodeIgniter\CodeIgniter->run()
#7 {main}
CRITICAL - 2021-11-10 18:57:24 --> Invalid file: header.php
#0 C:\wamp64\www\plantandosemillas\system\View\View.php(198): CodeIgniter\Exceptions\FrameworkException::forInvalidFile('header.php')
#1 C:\wamp64\www\plantandosemillas\system\Common.php(1097): CodeIgniter\View\View->render('header', Array, true)
#2 C:\wamp64\www\plantandosemillas\app\Controllers\Home.php(9): view('header')
#3 C:\wamp64\www\plantandosemillas\system\CodeIgniter.php(824): App\Controllers\Home->index()
#4 C:\wamp64\www\plantandosemillas\system\CodeIgniter.php(410): CodeIgniter\CodeIgniter->runController(Object(App\Controllers\Home))
#5 C:\wamp64\www\plantandosemillas\system\CodeIgniter.php(318): CodeIgniter\CodeIgniter->handleRequest(NULL, Object(Config\Cache), false)
#6 C:\wamp64\www\plantandosemillas\public\index.php(37): CodeIgniter\CodeIgniter->run()
#7 {main}
CRITICAL - 2021-11-10 18:57:28 --> Invalid file: header.php
#0 C:\wamp64\www\plantandosemillas\system\View\View.php(198): CodeIgniter\Exceptions\FrameworkException::forInvalidFile('header.php')
#1 C:\wamp64\www\plantandosemillas\system\Common.php(1097): CodeIgniter\View\View->render('header', Array, true)
#2 C:\wamp64\www\plantandosemillas\app\Controllers\Home.php(9): view('header')
#3 C:\wamp64\www\plantandosemillas\system\CodeIgniter.php(824): App\Controllers\Home->index()
#4 C:\wamp64\www\plantandosemillas\system\CodeIgniter.php(410): CodeIgniter\CodeIgniter->runController(Object(App\Controllers\Home))
#5 C:\wamp64\www\plantandosemillas\system\CodeIgniter.php(318): CodeIgniter\CodeIgniter->handleRequest(NULL, Object(Config\Cache), false)
#6 C:\wamp64\www\plantandosemillas\public\index.php(37): CodeIgniter\CodeIgniter->run()
#7 {main}
